time="2020-11-19T22:41:09-08:00" level=debug msg="Loading environment from /home/wink/prgs/github-actions/tests/gha-test-set-env-var/.env"
time="2020-11-19T22:41:09-08:00" level=debug msg="Loading secrets from "
time="2020-11-19T22:41:09-08:00" level=debug msg="Loading workflows from '/home/wink/prgs/github-actions/tests/gha-test-set-env-var/.github/workflows'"
time="2020-11-19T22:41:09-08:00" level=debug msg="Reading workflow '/home/wink/prgs/github-actions/tests/gha-test-set-env-var/.github/workflows/set-env-var.yml'"
time="2020-11-19T22:41:09-08:00" level=debug msg="Planning event: push"
time="2020-11-19T22:41:09-08:00" level=debug msg="Loading slug from git directory '/home/wink/prgs/github-actions/tests/gha-test-set-env-var/.git'"
time="2020-11-19T22:41:09-08:00" level=debug msg="Found revision: cae7933cd5f0759b21be6f00d2939eade0140813\n"
time="2020-11-19T22:41:09-08:00" level=debug msg="Loading revision from git directory '/home/wink/prgs/github-actions/tests/gha-test-set-env-var/.git'"
time="2020-11-19T22:41:09-08:00" level=debug msg="Found revision: cae7933cd5f0759b21be6f00d2939eade0140813\n"
time="2020-11-19T22:41:09-08:00" level=debug msg="HEAD points to 'cae7933cd5f0759b21be6f00d2939eade0140813'"
time="2020-11-19T22:41:09-08:00" level=debug msg="HEAD matches refs/heads/main"
time="2020-11-19T22:41:09-08:00" level=debug msg="using github ref: refs/heads/main"
time="2020-11-19T22:41:09-08:00" level=debug msg="WINK: RunContext vmEnv rc.GetEnv=map[ACT:true]"
time="2020-11-19T22:41:09-08:00" level=debug msg="WIHK: RunContext.func:+ vmEnv call ################# vm.Set(\"env\", rc.GetEnv()=map[ACT:true])"
time="2020-11-19T22:41:09-08:00" level=debug msg="WIHK: RunContext.func:- vmEnv"
time="2020-11-19T22:41:09-08:00" level=debug msg="WINK: NewPlanExecutor jobName='test-set-env-var/test' ctx=&context.valueCtx{Context:(*context.cancelCtx)(0xc0003e81c0), key:\"dryrun\", val:false}"
time="2020-11-19T22:41:09-08:00" level=debug msg="WINK: NewPlanExecutor ctx v=&context.valueCtx{Context:(*context.cancelCtx)(0xc0003e81c0), key:\"dryrun\", val:false}"
time="2020-11-19T22:41:09-08:00" level=debug msg="WINK: NewPlanExecutor ctx +v=&context.valueCtx{Context:(*context.cancelCtx)(0xc0003e81c0), key:\"dryrun\", val:false}"
time="2020-11-19T22:41:09-08:00" level=debug msg="WINK: NewPlanExecutor ctx #v=&context.valueCtx{Context:(*context.cancelCtx)(0xc0003e81c0), key:\"dryrun\", val:false}"
[test-set-env-var/test] 🚀  Start image=node:12.6-buster-slim
time="2020-11-19T22:41:09-08:00" level=debug msg="Loading slug from git directory '/home/wink/prgs/github-actions/tests/gha-test-set-env-var/.git'"
time="2020-11-19T22:41:09-08:00" level=debug msg="Found revision: cae7933cd5f0759b21be6f00d2939eade0140813\n"
time="2020-11-19T22:41:09-08:00" level=debug msg="Loading revision from git directory '/home/wink/prgs/github-actions/tests/gha-test-set-env-var/.git'"
time="2020-11-19T22:41:09-08:00" level=debug msg="Found revision: cae7933cd5f0759b21be6f00d2939eade0140813\n"
time="2020-11-19T22:41:09-08:00" level=debug msg="HEAD points to 'cae7933cd5f0759b21be6f00d2939eade0140813'"
time="2020-11-19T22:41:09-08:00" level=debug msg="HEAD matches refs/heads/main"
time="2020-11-19T22:41:09-08:00" level=debug msg="using github ref: refs/heads/main"
[test-set-env-var/test]   🐳  docker pull node:12.6-buster-slim
time="2020-11-19T22:41:09-08:00" level=debug msg="Image exists? true"
[test-set-env-var/test]   🐳  docker create image=node:12.6-buster-slim entrypoint=["/usr/bin/tail" "-f" "/dev/null"] cmd=[]
[test-set-env-var/test] Created container name=act-test-set-env-var-test id=4e1fca7e98a86f2caaf415cddb28757df25f299b727a385345f58cd90efa7b58 from image node:12.6-buster-slim
[test-set-env-var/test] ENV ==> [RUNNER_TOOL_CACHE=/opt/hostedtoolcache RUNNER_OS=Linux RUNNER_TEMP=/tmp]
[test-set-env-var/test]   🐳  docker run image=node:12.6-buster-slim entrypoint=["/usr/bin/tail" "-f" "/dev/null"] cmd=[]
[test-set-env-var/test] Starting container: 4e1fca7e98a86f2caaf415cddb28757df25f299b727a385345f58cd90efa7b58
[test-set-env-var/test] Started container: 4e1fca7e98a86f2caaf415cddb28757df25f299b727a385345f58cd90efa7b58
time="2020-11-19T22:41:09-08:00" level=debug msg="Writing entry to tarball workflow/event.json len:2"
time="2020-11-19T22:41:09-08:00" level=debug msg="Writing entry to tarball home/.act len:0"
[test-set-env-var/test] Extracting content to '/github/'
time="2020-11-19T22:41:09-08:00" level=debug msg="WiNK: call sc.setupEnv()(ctx)"
time="2020-11-19T22:41:09-08:00" level=debug msg="WINK: setupEnv rc.GetEnv()=map[ACT:true]"
time="2020-11-19T22:41:09-08:00" level=debug msg="WINK: setupEnv step.GetEnv()=map[INPUT_PYTHON-VERSION:3.7]"
time="2020-11-19T22:41:09-08:00" level=debug msg="WINK: setupEnv.func:+ *********************"
time="2020-11-19T22:41:09-08:00" level=debug msg="WINK: setupEnv.func: rc.GetEnv()=map[ACT:true]"
time="2020-11-19T22:41:09-08:00" level=debug msg="WINK: setupEnv.func: step.GetEnv()=map[INPUT_PYTHON-VERSION:3.7]"
time="2020-11-19T22:41:09-08:00" level=debug msg="WINK: setupEnv.func mergeMaps 2 rc, step"
time="2020-11-19T22:41:09-08:00" level=debug msg="WINK: setupEnv.func env=map[ACT:true INPUT_PYTHON-VERSION:3.7]"
time="2020-11-19T22:41:09-08:00" level=debug msg="WINK: setupEnv.func Interpolate k=ACT v=true env[k]=true"
time="2020-11-19T22:41:09-08:00" level=debug msg="WINK: setupEnv.func Interpolate env[k]=true"
time="2020-11-19T22:41:09-08:00" level=debug msg="WINK: setupEnv.func Interpolate k=INPUT_PYTHON-VERSION v=3.7 env[k]=3.7"
time="2020-11-19T22:41:09-08:00" level=debug msg="WINK: setupEnv.func Interpolate env[k]=3.7"
time="2020-11-19T22:41:09-08:00" level=debug msg="Loading slug from git directory '/home/wink/prgs/github-actions/tests/gha-test-set-env-var/.git'"
time="2020-11-19T22:41:09-08:00" level=debug msg="Found revision: cae7933cd5f0759b21be6f00d2939eade0140813\n"
time="2020-11-19T22:41:09-08:00" level=debug msg="Loading revision from git directory '/home/wink/prgs/github-actions/tests/gha-test-set-env-var/.git'"
time="2020-11-19T22:41:09-08:00" level=debug msg="Found revision: cae7933cd5f0759b21be6f00d2939eade0140813\n"
time="2020-11-19T22:41:09-08:00" level=debug msg="HEAD points to 'cae7933cd5f0759b21be6f00d2939eade0140813'"
time="2020-11-19T22:41:09-08:00" level=debug msg="HEAD matches refs/heads/main"
time="2020-11-19T22:41:09-08:00" level=debug msg="using github ref: refs/heads/main"
time="2020-11-19T22:41:09-08:00" level=debug msg="setupEnv => map[ACT:true CI:true GITHUB_ACTION:0 GITHUB_ACTIONS:true GITHUB_ACTOR:nektos/act GITHUB_EVENT_NAME:push GITHUB_EVENT_PATH:/github/workflow/event.json GITHUB_REF:refs/heads/main GITHUB_REPOSITORY:winksaville/gha-test-set-env-var GITHUB_RUN_ID:1 GITHUB_RUN_NUMBER:1 GITHUB_SHA:cae7933cd5f0759b21be6f00d2939eade0140813 GITHUB_TOKEN: GITHUB_WORKFLOW:test-set-env-var GITHUB_WORKSPACE:/github/workspace HOME:/github/home INPUT_PYTHON-VERSION:3.7]"
time="2020-11-19T22:41:09-08:00" level=debug msg="WINK: setupEnv.func:- ******************************"
time="2020-11-19T22:41:09-08:00" level=debug msg="Loading slug from git directory '/home/wink/prgs/github-actions/tests/gha-test-set-env-var/.git'"
time="2020-11-19T22:41:09-08:00" level=debug msg="Found revision: cae7933cd5f0759b21be6f00d2939eade0140813\n"
time="2020-11-19T22:41:09-08:00" level=debug msg="Loading revision from git directory '/home/wink/prgs/github-actions/tests/gha-test-set-env-var/.git'"
time="2020-11-19T22:41:09-08:00" level=debug msg="Found revision: cae7933cd5f0759b21be6f00d2939eade0140813\n"
time="2020-11-19T22:41:09-08:00" level=debug msg="HEAD points to 'cae7933cd5f0759b21be6f00d2939eade0140813'"
time="2020-11-19T22:41:09-08:00" level=debug msg="HEAD matches refs/heads/main"
time="2020-11-19T22:41:09-08:00" level=debug msg="using github ref: refs/heads/main"
time="2020-11-19T22:41:09-08:00" level=debug msg="WINK: RunContext vmEnv rc.GetEnv=map[ACT:true]"
time="2020-11-19T22:41:09-08:00" level=debug msg="WIHK: RunContext.func:+ vmEnv call ################# vm.Set(\"env\", rc.GetEnv()=map[ACT:true])"
time="2020-11-19T22:41:09-08:00" level=debug msg="WIHK: RunContext.func:- vmEnv"
time="2020-11-19T22:41:09-08:00" level=debug msg="WINK: StepContext vmEnv sc.GetEnv=map[ACT:true CI:true GITHUB_ACTION:0 GITHUB_ACTIONS:true GITHUB_ACTOR:nektos/act GITHUB_EVENT_NAME:push GITHUB_EVENT_PATH:/github/workflow/event.json GITHUB_REF:refs/heads/main GITHUB_REPOSITORY:winksaville/gha-test-set-env-var GITHUB_RUN_ID:1 GITHUB_RUN_NUMBER:1 GITHUB_SHA:cae7933cd5f0759b21be6f00d2939eade0140813 GITHUB_TOKEN: GITHUB_WORKFLOW:test-set-env-var GITHUB_WORKSPACE:/github/workspace HOME:/github/home INPUT_PYTHON-VERSION:3.7]"
time="2020-11-19T22:41:09-08:00" level=debug msg="WIHK: StepContext.func:+ vmEnv call !!!!!!!!!!!!!!!!! vm.Set(\"env\", sc.Env=map[ACT:true CI:true GITHUB_ACTION:0 GITHUB_ACTIONS:true GITHUB_ACTOR:nektos/act GITHUB_EVENT_NAME:push GITHUB_EVENT_PATH:/github/workflow/event.json GITHUB_REF:refs/heads/main GITHUB_REPOSITORY:winksaville/gha-test-set-env-var GITHUB_RUN_ID:1 GITHUB_RUN_NUMBER:1 GITHUB_SHA:cae7933cd5f0759b21be6f00d2939eade0140813 GITHUB_TOKEN: GITHUB_WORKFLOW:test-set-env-var GITHUB_WORKSPACE:/github/workspace HOME:/github/home INPUT_PYTHON-VERSION:3.7])"
time="2020-11-19T22:41:09-08:00" level=debug msg="WIHK: StepContext.func:- vmEnv"
time="2020-11-19T22:41:09-08:00" level=debug msg="WiNK: done NewExpressionEvaluator()"
time="2020-11-19T22:41:09-08:00" level=debug msg="WINK: newStepExecutor.func:+ Run &{RunContext:test-set-env-var/test Step:step1 Env:map[ACT:true CI:true GITHUB_ACTION:0 GITHUB_ACTIONS:true GITHUB_ACTOR:nektos/act GITHUB_EVENT_NAME:push GITHUB_EVENT_PATH:/github/workflow/event.json GITHUB_REF:refs/heads/main GITHUB_REPOSITORY:winksaville/gha-test-set-env-var GITHUB_RUN_ID:1 GITHUB_RUN_NUMBER:1 GITHUB_SHA:cae7933cd5f0759b21be6f00d2939eade0140813 GITHUB_TOKEN: GITHUB_WORKFLOW:test-set-env-var GITHUB_WORKSPACE:/github/workspace HOME:/github/home INPUT_PYTHON-VERSION:3.7] Cmd:[] Action:<nil>}"
[test-set-env-var/test] ⭐  Run step1
time="2020-11-19T22:41:09-08:00" level=debug msg="WINK:+ Executor: sc=&{RunContext:test-set-env-var/test Step:step1 Env:map[ACT:true CI:true GITHUB_ACTION:0 GITHUB_ACTIONS:true GITHUB_ACTOR:nektos/act GITHUB_EVENT_NAME:push GITHUB_EVENT_PATH:/github/workflow/event.json GITHUB_REF:refs/heads/main GITHUB_REPOSITORY:winksaville/gha-test-set-env-var GITHUB_RUN_ID:1 GITHUB_RUN_NUMBER:1 GITHUB_SHA:cae7933cd5f0759b21be6f00d2939eade0140813 GITHUB_TOKEN: GITHUB_WORKFLOW:test-set-env-var GITHUB_WORKSPACE:/github/workspace HOME:/github/home INPUT_PYTHON-VERSION:3.7] Cmd:[] Action:<nil>}"
time="2020-11-19T22:41:09-08:00" level=debug msg="WINK: setupAction: sc=&{RunContext:test-set-env-var/test Step:step1 Env:map[ACT:true CI:true GITHUB_ACTION:0 GITHUB_ACTIONS:true GITHUB_ACTOR:nektos/act GITHUB_EVENT_NAME:push GITHUB_EVENT_PATH:/github/workflow/event.json GITHUB_REF:refs/heads/main GITHUB_REPOSITORY:winksaville/gha-test-set-env-var GITHUB_RUN_ID:1 GITHUB_RUN_NUMBER:1 GITHUB_SHA:cae7933cd5f0759b21be6f00d2939eade0140813 GITHUB_TOKEN: GITHUB_WORKFLOW:test-set-env-var GITHUB_WORKSPACE:/github/workspace HOME:/github/home INPUT_PYTHON-VERSION:3.7] Cmd:[] Action:<nil>} actionDir=/home/wink/prgs/github-actions/tests/gha-test-set-env-var/actions/docker-local-set-env-name1 actionPath="
time="2020-11-19T22:41:09-08:00" level=debug msg="WINK: runAction: sc=&{RunContext:test-set-env-var/test Step:step1 Env:map[ACT:true CI:true GITHUB_ACTION:0 GITHUB_ACTIONS:true GITHUB_ACTOR:nektos/act GITHUB_EVENT_NAME:push GITHUB_EVENT_PATH:/github/workflow/event.json GITHUB_REF:refs/heads/main GITHUB_REPOSITORY:winksaville/gha-test-set-env-var GITHUB_RUN_ID:1 GITHUB_RUN_NUMBER:1 GITHUB_SHA:cae7933cd5f0759b21be6f00d2939eade0140813 GITHUB_TOKEN: GITHUB_WORKFLOW:test-set-env-var GITHUB_WORKSPACE:/github/workspace HOME:/github/home INPUT_PYTHON-VERSION:3.7] Cmd:[] Action:<nil>}"
time="2020-11-19T22:41:09-08:00" level=debug msg="WINK:- Executor: sc=&{RunContext:test-set-env-var/test Step:step1 Env:map[ACT:true CI:true GITHUB_ACTION:0 GITHUB_ACTIONS:true GITHUB_ACTOR:nektos/act GITHUB_EVENT_NAME:push GITHUB_EVENT_PATH:/github/workflow/event.json GITHUB_REF:refs/heads/main GITHUB_REPOSITORY:winksaville/gha-test-set-env-var GITHUB_RUN_ID:1 GITHUB_RUN_NUMBER:1 GITHUB_SHA:cae7933cd5f0759b21be6f00d2939eade0140813 GITHUB_TOKEN: GITHUB_WORKFLOW:test-set-env-var GITHUB_WORKSPACE:/github/workspace HOME:/github/home INPUT_PYTHON-VERSION:3.7] Cmd:[] Action:<nil>}"
time="2020-11-19T22:41:09-08:00" level=debug msg="Read action &{set-env-name1  Set enviornemt variable name1 to valu1 map[python-version:{Python version true }] map[] {docker map[]  Dockerfile [] [${{ inputs.python-version }}]} { }} from '/home/wink/prgs/github-actions/tests/gha-test-set-env-var/actions/docker-local-set-env-name1/action.yml'"
time="2020-11-19T22:41:09-08:00" level=debug msg="About to run action &{set-env-name1  Set enviornemt variable name1 to valu1 map[python-version:{Python version true }] map[] {docker map[]  Dockerfile [] [${{ inputs.python-version }}]} { }}"
time="2020-11-19T22:41:09-08:00" level=debug msg="type=2 actionDir=/home/wink/prgs/github-actions/tests/gha-test-set-env-var/actions/docker-local-set-env-name1 actionPath= Workdir=/home/wink/prgs/github-actions/tests/gha-test-set-env-var ActionCacheDir=/home/wink/.cache/act actionName=actions/docker-local-set-env-name1 containerActionDir=/github/workspace"
time="2020-11-19T22:41:09-08:00" level=debug msg="WINK: newStepContainer sc=&{RunContext:test-set-env-var/test Step:step1 Env:map[ACT:true CI:true GITHUB_ACTION:0 GITHUB_ACTIONS:true GITHUB_ACTOR:nektos/act GITHUB_EVENT_NAME:push GITHUB_EVENT_PATH:/github/workflow/event.json GITHUB_REF:refs/heads/main GITHUB_REPOSITORY:winksaville/gha-test-set-env-var GITHUB_RUN_ID:1 GITHUB_RUN_NUMBER:1 GITHUB_SHA:cae7933cd5f0759b21be6f00d2939eade0140813 GITHUB_TOKEN: GITHUB_WORKFLOW:test-set-env-var GITHUB_WORKSPACE:/github/workspace HOME:/github/home INPUT_PYTHON-VERSION:3.7] Cmd:[] Action:0xc0001a1e10} cmd=[${{ inputs.python-version }}] entryPoint=[]"
time="2020-11-19T22:41:09-08:00" level=debug msg="Loading slug from git directory '/home/wink/prgs/github-actions/tests/gha-test-set-env-var/.git'"
time="2020-11-19T22:41:09-08:00" level=debug msg="Found revision: cae7933cd5f0759b21be6f00d2939eade0140813\n"
time="2020-11-19T22:41:09-08:00" level=debug msg="Loading revision from git directory '/home/wink/prgs/github-actions/tests/gha-test-set-env-var/.git'"
time="2020-11-19T22:41:09-08:00" level=debug msg="Found revision: cae7933cd5f0759b21be6f00d2939eade0140813\n"
time="2020-11-19T22:41:09-08:00" level=debug msg="HEAD points to 'cae7933cd5f0759b21be6f00d2939eade0140813'"
time="2020-11-19T22:41:09-08:00" level=debug msg="HEAD matches refs/heads/main"
time="2020-11-19T22:41:09-08:00" level=debug msg="using github ref: refs/heads/main"
time="2020-11-19T22:41:09-08:00" level=debug msg="WINK: RunContext vmEnv rc.GetEnv=map[ACT:true]"
time="2020-11-19T22:41:09-08:00" level=debug msg="WIHK: RunContext.func:+ vmEnv call ################# vm.Set(\"env\", rc.GetEnv()=map[ACT:true])"
time="2020-11-19T22:41:09-08:00" level=debug msg="WIHK: RunContext.func:- vmEnv"
time="2020-11-19T22:41:09-08:00" level=debug msg="WINK: StepContext vmEnv sc.GetEnv=map[ACT:true CI:true GITHUB_ACTION:0 GITHUB_ACTIONS:true GITHUB_ACTOR:nektos/act GITHUB_EVENT_NAME:push GITHUB_EVENT_PATH:/github/workflow/event.json GITHUB_REF:refs/heads/main GITHUB_REPOSITORY:winksaville/gha-test-set-env-var GITHUB_RUN_ID:1 GITHUB_RUN_NUMBER:1 GITHUB_SHA:cae7933cd5f0759b21be6f00d2939eade0140813 GITHUB_TOKEN: GITHUB_WORKFLOW:test-set-env-var GITHUB_WORKSPACE:/github/workspace HOME:/github/home INPUT_PYTHON-VERSION:3.7]"
time="2020-11-19T22:41:09-08:00" level=debug msg="WIHK: StepContext.func:+ vmEnv call !!!!!!!!!!!!!!!!! vm.Set(\"env\", sc.Env=map[ACT:true CI:true GITHUB_ACTION:0 GITHUB_ACTIONS:true GITHUB_ACTOR:nektos/act GITHUB_EVENT_NAME:push GITHUB_EVENT_PATH:/github/workflow/event.json GITHUB_REF:refs/heads/main GITHUB_REPOSITORY:winksaville/gha-test-set-env-var GITHUB_RUN_ID:1 GITHUB_RUN_NUMBER:1 GITHUB_SHA:cae7933cd5f0759b21be6f00d2939eade0140813 GITHUB_TOKEN: GITHUB_WORKFLOW:test-set-env-var GITHUB_WORKSPACE:/github/workspace HOME:/github/home INPUT_PYTHON-VERSION:3.7])"
time="2020-11-19T22:41:09-08:00" level=debug msg="WIHK: StepContext.func:- vmEnv"
time="2020-11-19T22:41:09-08:00" level=debug msg="Evaluating 'inputs['python-version']' instead of 'inputs.python-version'"
time="2020-11-19T22:41:09-08:00" level=debug msg="WINK: Evaluated ret: 'inputs['python-version']' val='3.7'"
[test-set-env-var/test]   🐳  docker build -t act-actions-docker-local-set-env-name1:latest /home/wink/prgs/github-actions/tests/gha-test-set-env-var/actions/docker-local-set-env-name1
[test-set-env-var/test] Building image from '/home/wink/prgs/github-actions/tests/gha-test-set-env-var/actions/docker-local-set-env-name1'
time="2020-11-19T22:41:09-08:00" level=debug msg="Creating archive for build context dir '/home/wink/prgs/github-actions/tests/gha-test-set-env-var/actions/docker-local-set-env-name1' with relative dockerfile 'Dockerfile'"
[test-set-env-var/test] Creating image from context dir '/home/wink/prgs/github-actions/tests/gha-test-set-env-var/actions/docker-local-set-env-name1' with tag 'act-actions-docker-local-set-env-name1:latest'
[test-set-env-var/test] Step 1/4 : FROM alpine:3.10
[test-set-env-var/test] 
[test-set-env-var/test]  ---> be4e4bea2c2e
[test-set-env-var/test] Step 2/4 : COPY entrypoint.sh /entrypoint.sh
[test-set-env-var/test] 
[test-set-env-var/test]  ---> Using cache
[test-set-env-var/test]  ---> 09c31ff1b03a
[test-set-env-var/test] Step 3/4 : RUN chmod +x /entrypoint.sh
[test-set-env-var/test] 
[test-set-env-var/test]  ---> Using cache
[test-set-env-var/test]  ---> 2d4de53386e5
[test-set-env-var/test] Step 4/4 : ENTRYPOINT ["/entrypoint.sh"]
[test-set-env-var/test] 
[test-set-env-var/test]  ---> Using cache
[test-set-env-var/test]  ---> 24a810818467
[test-set-env-var/test] Unable to handle line: {"aux":{"ID":"sha256:24a8108184674a290f40a90e1855bf6791b55b66306d99315b7797c5a7b93695"}}
[test-set-env-var/test] Successfully built 24a810818467
[test-set-env-var/test] Successfully tagged act-actions-docker-local-set-env-name1:latest
[test-set-env-var/test]   🐳  docker pull act-actions-docker-local-set-env-name1:latest
time="2020-11-19T22:41:09-08:00" level=debug msg="Image exists? true"
[test-set-env-var/test]   🐳  docker create image=act-actions-docker-local-set-env-name1:latest entrypoint=[] cmd=["3.7"]
[test-set-env-var/test] Created container name=act-test-set-e-0 id=ca896157ce8a8d373a6aac4dab782a3c5cb054d5bab221574d1adbca55fe0e7b from image act-actions-docker-local-set-env-name1:latest
[test-set-env-var/test] ENV ==> [GITHUB_ACTIONS=true GITHUB_EVENT_PATH=/github/workflow/event.json GITHUB_REPOSITORY=winksaville/gha-test-set-env-var GITHUB_ACTION=0 ACT=true HOME=/github/home GITHUB_ACTOR=nektos/act GITHUB_SHA=cae7933cd5f0759b21be6f00d2939eade0140813 GITHUB_REF=refs/heads/main GITHUB_EVENT_NAME=push GITHUB_WORKFLOW=test-set-env-var GITHUB_TOKEN= GITHUB_RUN_NUMBER=1 CI=true GITHUB_RUN_ID=1 GITHUB_WORKSPACE=/github/workspace INPUT_PYTHON-VERSION=3.7 RUNNER_TOOL_CACHE=/opt/hostedtoolcache RUNNER_OS=Linux RUNNER_TEMP=/tmp]
[test-set-env-var/test]   🐳  docker run image=act-actions-docker-local-set-env-name1:latest entrypoint=[] cmd=["3.7"]
[test-set-env-var/test] Starting container: ca896157ce8a8d373a6aac4dab782a3c5cb054d5bab221574d1adbca55fe0e7b
[test-set-env-var/test]   | first-param=3.7
[test-set-env-var/test]   ⚙  ::set-env:: name1=value1
[test-set-env-var/test] Started container: ca896157ce8a8d373a6aac4dab782a3c5cb054d5bab221574d1adbca55fe0e7b
[test-set-env-var/test] Return status: 0
[test-set-env-var/test] Removed container: ca896157ce8a8d373a6aac4dab782a3c5cb054d5bab221574d1adbca55fe0e7b
[test-set-env-var/test]   ✅  Success - step1
time="2020-11-19T22:41:09-08:00" level=debug msg="WINK: newStepExecutor.func:- Run sc=&{RunContext:test-set-env-var/test Step:step1 Env:map[ACT:true CI:true GITHUB_ACTION:0 GITHUB_ACTIONS:true GITHUB_ACTOR:nektos/act GITHUB_EVENT_NAME:push GITHUB_EVENT_PATH:/github/workflow/event.json GITHUB_REF:refs/heads/main GITHUB_REPOSITORY:winksaville/gha-test-set-env-var GITHUB_RUN_ID:1 GITHUB_RUN_NUMBER:1 GITHUB_SHA:cae7933cd5f0759b21be6f00d2939eade0140813 GITHUB_TOKEN: GITHUB_WORKFLOW:test-set-env-var GITHUB_WORKSPACE:/github/workspace HOME:/github/home INPUT_PYTHON-VERSION:3.7] Cmd:[] Action:0xc0001a1e10} rc.StepResults=&{Success:true Outputs:map[]} rc.GetEnv=map[ACT:true name1:value1]"
time="2020-11-19T22:41:09-08:00" level=debug msg="WiNK: call sc.setupEnv()(ctx)"
time="2020-11-19T22:41:09-08:00" level=debug msg="WINK: setupEnv rc.GetEnv()=map[ACT:true name1:value1]"
time="2020-11-19T22:41:09-08:00" level=debug msg="WINK: setupEnv step.GetEnv()=map[INPUT_ENV-NAME:${{ env.name1 }} INPUT_ENV-VALUE:${{ runner.os }}-python-${{ env.name1 }}]"
time="2020-11-19T22:41:09-08:00" level=debug msg="WINK: setupEnv.func:+ *********************"
time="2020-11-19T22:41:09-08:00" level=debug msg="WINK: setupEnv.func: rc.GetEnv()=map[ACT:true name1:value1]"
time="2020-11-19T22:41:09-08:00" level=debug msg="WINK: setupEnv.func: step.GetEnv()=map[INPUT_ENV-NAME:${{ env.name1 }} INPUT_ENV-VALUE:${{ runner.os }}-python-${{ env.name1 }}]"
time="2020-11-19T22:41:09-08:00" level=debug msg="WINK: setupEnv.func mergeMaps 2 rc, step"
time="2020-11-19T22:41:09-08:00" level=debug msg="WINK: setupEnv.func env=map[ACT:true INPUT_ENV-NAME:${{ env.name1 }} INPUT_ENV-VALUE:${{ runner.os }}-python-${{ env.name1 }} name1:value1]"
time="2020-11-19T22:41:09-08:00" level=debug msg="WINK: setupEnv.func Interpolate k=name1 v=value1 env[k]=value1"
time="2020-11-19T22:41:09-08:00" level=debug msg="WINK: setupEnv.func Interpolate env[k]=value1"
time="2020-11-19T22:41:09-08:00" level=debug msg="WINK: setupEnv.func Interpolate k=INPUT_ENV-VALUE v=${{ runner.os }}-python-${{ env.name1 }} env[k]=${{ runner.os }}-python-${{ env.name1 }}"
time="2020-11-19T22:41:09-08:00" level=debug msg="Evaluating 'runner['os']' instead of 'runner.os'"
time="2020-11-19T22:41:09-08:00" level=debug msg="WINK: Evaluated ret: 'runner['os']' val='Linux'"
time="2020-11-19T22:41:09-08:00" level=debug msg="Evaluating 'env['name1']' instead of 'env.name1'"
time="2020-11-19T22:41:09-08:00" level=debug msg="WINK: Evaluated val=undefined ret: val=\"\", false, err='<nil>'"
time="2020-11-19T22:41:09-08:00" level=debug msg="WINK: setupEnv.func Interpolate env[k]=Linux-python-"
time="2020-11-19T22:41:09-08:00" level=debug msg="WINK: setupEnv.func Interpolate k=INPUT_ENV-NAME v=${{ env.name1 }} env[k]=${{ env.name1 }}"
time="2020-11-19T22:41:09-08:00" level=debug msg="Evaluating 'env['name1']' instead of 'env.name1'"
time="2020-11-19T22:41:09-08:00" level=debug msg="WINK: Evaluated val=undefined ret: val=\"\", false, err='<nil>'"
time="2020-11-19T22:41:09-08:00" level=debug msg="WINK: setupEnv.func Interpolate env[k]="
time="2020-11-19T22:41:09-08:00" level=debug msg="WINK: setupEnv.func Interpolate k=ACT v=true env[k]=true"
time="2020-11-19T22:41:09-08:00" level=debug msg="WINK: setupEnv.func Interpolate env[k]=true"
time="2020-11-19T22:41:09-08:00" level=debug msg="Loading slug from git directory '/home/wink/prgs/github-actions/tests/gha-test-set-env-var/.git'"
time="2020-11-19T22:41:09-08:00" level=debug msg="Found revision: cae7933cd5f0759b21be6f00d2939eade0140813\n"
time="2020-11-19T22:41:09-08:00" level=debug msg="Loading revision from git directory '/home/wink/prgs/github-actions/tests/gha-test-set-env-var/.git'"
time="2020-11-19T22:41:09-08:00" level=debug msg="Found revision: cae7933cd5f0759b21be6f00d2939eade0140813\n"
time="2020-11-19T22:41:09-08:00" level=debug msg="HEAD points to 'cae7933cd5f0759b21be6f00d2939eade0140813'"
time="2020-11-19T22:41:09-08:00" level=debug msg="HEAD matches refs/heads/main"
time="2020-11-19T22:41:09-08:00" level=debug msg="using github ref: refs/heads/main"
time="2020-11-19T22:41:09-08:00" level=debug msg="setupEnv => map[ACT:true CI:true GITHUB_ACTION:1 GITHUB_ACTIONS:true GITHUB_ACTOR:nektos/act GITHUB_EVENT_NAME:push GITHUB_EVENT_PATH:/github/workflow/event.json GITHUB_REF:refs/heads/main GITHUB_REPOSITORY:winksaville/gha-test-set-env-var GITHUB_RUN_ID:1 GITHUB_RUN_NUMBER:1 GITHUB_SHA:cae7933cd5f0759b21be6f00d2939eade0140813 GITHUB_TOKEN: GITHUB_WORKFLOW:test-set-env-var GITHUB_WORKSPACE:/github/workspace HOME:/github/home INPUT_ENV-NAME: INPUT_ENV-VALUE:Linux-python- name1:value1]"
time="2020-11-19T22:41:09-08:00" level=debug msg="WINK: setupEnv.func:- ******************************"
time="2020-11-19T22:41:09-08:00" level=debug msg="Loading slug from git directory '/home/wink/prgs/github-actions/tests/gha-test-set-env-var/.git'"
time="2020-11-19T22:41:09-08:00" level=debug msg="Found revision: cae7933cd5f0759b21be6f00d2939eade0140813\n"
time="2020-11-19T22:41:09-08:00" level=debug msg="Loading revision from git directory '/home/wink/prgs/github-actions/tests/gha-test-set-env-var/.git'"
time="2020-11-19T22:41:09-08:00" level=debug msg="Found revision: cae7933cd5f0759b21be6f00d2939eade0140813\n"
time="2020-11-19T22:41:09-08:00" level=debug msg="HEAD points to 'cae7933cd5f0759b21be6f00d2939eade0140813'"
time="2020-11-19T22:41:09-08:00" level=debug msg="HEAD matches refs/heads/main"
time="2020-11-19T22:41:09-08:00" level=debug msg="using github ref: refs/heads/main"
time="2020-11-19T22:41:09-08:00" level=debug msg="WINK: RunContext vmEnv rc.GetEnv=map[ACT:true name1:value1]"
time="2020-11-19T22:41:09-08:00" level=debug msg="WIHK: RunContext.func:+ vmEnv call ################# vm.Set(\"env\", rc.GetEnv()=map[ACT:true name1:value1])"
time="2020-11-19T22:41:09-08:00" level=debug msg="WIHK: RunContext.func:- vmEnv"
time="2020-11-19T22:41:09-08:00" level=debug msg="WINK: StepContext vmEnv sc.GetEnv=map[ACT:true CI:true GITHUB_ACTION:1 GITHUB_ACTIONS:true GITHUB_ACTOR:nektos/act GITHUB_EVENT_NAME:push GITHUB_EVENT_PATH:/github/workflow/event.json GITHUB_REF:refs/heads/main GITHUB_REPOSITORY:winksaville/gha-test-set-env-var GITHUB_RUN_ID:1 GITHUB_RUN_NUMBER:1 GITHUB_SHA:cae7933cd5f0759b21be6f00d2939eade0140813 GITHUB_TOKEN: GITHUB_WORKFLOW:test-set-env-var GITHUB_WORKSPACE:/github/workspace HOME:/github/home INPUT_ENV-NAME: INPUT_ENV-VALUE:Linux-python- name1:value1]"
time="2020-11-19T22:41:09-08:00" level=debug msg="WIHK: StepContext.func:+ vmEnv call !!!!!!!!!!!!!!!!! vm.Set(\"env\", sc.Env=map[ACT:true CI:true GITHUB_ACTION:1 GITHUB_ACTIONS:true GITHUB_ACTOR:nektos/act GITHUB_EVENT_NAME:push GITHUB_EVENT_PATH:/github/workflow/event.json GITHUB_REF:refs/heads/main GITHUB_REPOSITORY:winksaville/gha-test-set-env-var GITHUB_RUN_ID:1 GITHUB_RUN_NUMBER:1 GITHUB_SHA:cae7933cd5f0759b21be6f00d2939eade0140813 GITHUB_TOKEN: GITHUB_WORKFLOW:test-set-env-var GITHUB_WORKSPACE:/github/workspace HOME:/github/home INPUT_ENV-NAME: INPUT_ENV-VALUE:Linux-python- name1:value1])"
time="2020-11-19T22:41:09-08:00" level=debug msg="WIHK: StepContext.func:- vmEnv"
time="2020-11-19T22:41:09-08:00" level=debug msg="WiNK: done NewExpressionEvaluator()"
time="2020-11-19T22:41:09-08:00" level=debug msg="WINK: newStepExecutor.func:+ Run &{RunContext:test-set-env-var/test Step:step2 Env:map[ACT:true CI:true GITHUB_ACTION:1 GITHUB_ACTIONS:true GITHUB_ACTOR:nektos/act GITHUB_EVENT_NAME:push GITHUB_EVENT_PATH:/github/workflow/event.json GITHUB_REF:refs/heads/main GITHUB_REPOSITORY:winksaville/gha-test-set-env-var GITHUB_RUN_ID:1 GITHUB_RUN_NUMBER:1 GITHUB_SHA:cae7933cd5f0759b21be6f00d2939eade0140813 GITHUB_TOKEN: GITHUB_WORKFLOW:test-set-env-var GITHUB_WORKSPACE:/github/workspace HOME:/github/home INPUT_ENV-NAME: INPUT_ENV-VALUE:Linux-python- name1:value1] Cmd:[] Action:<nil>}"
[test-set-env-var/test] ⭐  Run step2
time="2020-11-19T22:41:09-08:00" level=debug msg="WINK:+ Executor: sc=&{RunContext:test-set-env-var/test Step:step2 Env:map[ACT:true CI:true GITHUB_ACTION:1 GITHUB_ACTIONS:true GITHUB_ACTOR:nektos/act GITHUB_EVENT_NAME:push GITHUB_EVENT_PATH:/github/workflow/event.json GITHUB_REF:refs/heads/main GITHUB_REPOSITORY:winksaville/gha-test-set-env-var GITHUB_RUN_ID:1 GITHUB_RUN_NUMBER:1 GITHUB_SHA:cae7933cd5f0759b21be6f00d2939eade0140813 GITHUB_TOKEN: GITHUB_WORKFLOW:test-set-env-var GITHUB_WORKSPACE:/github/workspace HOME:/github/home INPUT_ENV-NAME: INPUT_ENV-VALUE:Linux-python- name1:value1] Cmd:[] Action:<nil>}"
time="2020-11-19T22:41:09-08:00" level=debug msg="WINK: setupAction: sc=&{RunContext:test-set-env-var/test Step:step2 Env:map[ACT:true CI:true GITHUB_ACTION:1 GITHUB_ACTIONS:true GITHUB_ACTOR:nektos/act GITHUB_EVENT_NAME:push GITHUB_EVENT_PATH:/github/workflow/event.json GITHUB_REF:refs/heads/main GITHUB_REPOSITORY:winksaville/gha-test-set-env-var GITHUB_RUN_ID:1 GITHUB_RUN_NUMBER:1 GITHUB_SHA:cae7933cd5f0759b21be6f00d2939eade0140813 GITHUB_TOKEN: GITHUB_WORKFLOW:test-set-env-var GITHUB_WORKSPACE:/github/workspace HOME:/github/home INPUT_ENV-NAME: INPUT_ENV-VALUE:Linux-python- name1:value1] Cmd:[] Action:<nil>} actionDir=/home/wink/.cache/act/winksaville-action-set-env-var@main actionPath="
time="2020-11-19T22:41:09-08:00" level=debug msg="WINK: runAction: sc=&{RunContext:test-set-env-var/test Step:step2 Env:map[ACT:true CI:true GITHUB_ACTION:1 GITHUB_ACTIONS:true GITHUB_ACTOR:nektos/act GITHUB_EVENT_NAME:push GITHUB_EVENT_PATH:/github/workflow/event.json GITHUB_REF:refs/heads/main GITHUB_REPOSITORY:winksaville/gha-test-set-env-var GITHUB_RUN_ID:1 GITHUB_RUN_NUMBER:1 GITHUB_SHA:cae7933cd5f0759b21be6f00d2939eade0140813 GITHUB_TOKEN: GITHUB_WORKFLOW:test-set-env-var GITHUB_WORKSPACE:/github/workspace HOME:/github/home INPUT_ENV-NAME: INPUT_ENV-VALUE:Linux-python- name1:value1] Cmd:[] Action:<nil>}"
time="2020-11-19T22:41:09-08:00" level=debug msg="WINK:- Executor: sc=&{RunContext:test-set-env-var/test Step:step2 Env:map[ACT:true CI:true GITHUB_ACTION:1 GITHUB_ACTIONS:true GITHUB_ACTOR:nektos/act GITHUB_EVENT_NAME:push GITHUB_EVENT_PATH:/github/workflow/event.json GITHUB_REF:refs/heads/main GITHUB_REPOSITORY:winksaville/gha-test-set-env-var GITHUB_RUN_ID:1 GITHUB_RUN_NUMBER:1 GITHUB_SHA:cae7933cd5f0759b21be6f00d2939eade0140813 GITHUB_TOKEN: GITHUB_WORKFLOW:test-set-env-var GITHUB_WORKSPACE:/github/workspace HOME:/github/home INPUT_ENV-NAME: INPUT_ENV-VALUE:Linux-python- name1:value1] Cmd:[] Action:<nil>}"
[test-set-env-var/test]   ☁  git clone 'https://github.com/winksaville/action-set-env-var' # ref=main
[test-set-env-var/test]   cloning https://github.com/winksaville/action-set-env-var to /home/wink/.cache/act/winksaville-action-set-env-var@main
[test-set-env-var/test] retF plumbing.ReferenceName refName=refs/heads/main
[test-set-env-var/test] CloneIfRequired:+ refName=refs/heads/main
[test-set-env-var/test] CloneIfRequired:- T r=*git.Repository r=&{0xc00028a320 map[] 0xc0004c6120}
[test-set-env-var/test] Call plumbing.Revision(main)
[test-set-env-var/test] Call r.ResolveRevision(main)
[test-set-env-var/test] retF r.ResolveRevision(main) hash=ce57ff694b90ab05c7637e599a7e6a01374288c3 err=<nil>
[test-set-env-var/test] Provided ref is not a sha. Checking out branch before pulling changes
[test-set-env-var/test] Cloned https://github.com/winksaville/action-set-env-var to /home/wink/.cache/act/winksaville-action-set-env-var@main
[test-set-env-var/test] Checked out main
time="2020-11-19T22:41:10-08:00" level=debug msg="Read action &{set-env-var  Set an enviornemt variable map[env-name:{Environment variable name true } env-value:{Value to save in env-name true }] map[] {docker map[]  Dockerfile [] [${{ inputs.env-name }} ${{ inputs.env-value }}]} { }} from '/home/wink/.cache/act/winksaville-action-set-env-var@main/action.yml'"
time="2020-11-19T22:41:10-08:00" level=debug msg="About to run action &{set-env-var  Set an enviornemt variable map[env-name:{Environment variable name true } env-value:{Value to save in env-name true }] map[] {docker map[]  Dockerfile [] [${{ inputs.env-name }} ${{ inputs.env-value }}]} { }}"
time="2020-11-19T22:41:10-08:00" level=debug msg="type=3 actionDir=/home/wink/.cache/act/winksaville-action-set-env-var@main actionPath= Workdir=/home/wink/prgs/github-actions/tests/gha-test-set-env-var ActionCacheDir=/home/wink/.cache/act actionName=winksaville-action-set-env-var@main containerActionDir=/actions"
time="2020-11-19T22:41:10-08:00" level=debug msg="WINK: newStepContainer sc=&{RunContext:test-set-env-var/test Step:step2 Env:map[ACT:true CI:true GITHUB_ACTION:1 GITHUB_ACTIONS:true GITHUB_ACTOR:nektos/act GITHUB_EVENT_NAME:push GITHUB_EVENT_PATH:/github/workflow/event.json GITHUB_REF:refs/heads/main GITHUB_REPOSITORY:winksaville/gha-test-set-env-var GITHUB_RUN_ID:1 GITHUB_RUN_NUMBER:1 GITHUB_SHA:cae7933cd5f0759b21be6f00d2939eade0140813 GITHUB_TOKEN: GITHUB_WORKFLOW:test-set-env-var GITHUB_WORKSPACE:/github/workspace HOME:/github/home INPUT_ENV-NAME: INPUT_ENV-VALUE:Linux-python- name1:value1] Cmd:[] Action:0xc0008c2f70} cmd=[${{ inputs.env-name }} ${{ inputs.env-value }}] entryPoint=[]"
time="2020-11-19T22:41:10-08:00" level=debug msg="Loading slug from git directory '/home/wink/prgs/github-actions/tests/gha-test-set-env-var/.git'"
time="2020-11-19T22:41:10-08:00" level=debug msg="Found revision: cae7933cd5f0759b21be6f00d2939eade0140813\n"
time="2020-11-19T22:41:10-08:00" level=debug msg="Loading revision from git directory '/home/wink/prgs/github-actions/tests/gha-test-set-env-var/.git'"
time="2020-11-19T22:41:10-08:00" level=debug msg="Found revision: cae7933cd5f0759b21be6f00d2939eade0140813\n"
time="2020-11-19T22:41:10-08:00" level=debug msg="HEAD points to 'cae7933cd5f0759b21be6f00d2939eade0140813'"
time="2020-11-19T22:41:10-08:00" level=debug msg="HEAD matches refs/heads/main"
time="2020-11-19T22:41:10-08:00" level=debug msg="using github ref: refs/heads/main"
time="2020-11-19T22:41:10-08:00" level=debug msg="WINK: RunContext vmEnv rc.GetEnv=map[ACT:true name1:value1]"
time="2020-11-19T22:41:10-08:00" level=debug msg="WIHK: RunContext.func:+ vmEnv call ################# vm.Set(\"env\", rc.GetEnv()=map[ACT:true name1:value1])"
time="2020-11-19T22:41:10-08:00" level=debug msg="WIHK: RunContext.func:- vmEnv"
time="2020-11-19T22:41:10-08:00" level=debug msg="WINK: StepContext vmEnv sc.GetEnv=map[ACT:true CI:true GITHUB_ACTION:1 GITHUB_ACTIONS:true GITHUB_ACTOR:nektos/act GITHUB_EVENT_NAME:push GITHUB_EVENT_PATH:/github/workflow/event.json GITHUB_REF:refs/heads/main GITHUB_REPOSITORY:winksaville/gha-test-set-env-var GITHUB_RUN_ID:1 GITHUB_RUN_NUMBER:1 GITHUB_SHA:cae7933cd5f0759b21be6f00d2939eade0140813 GITHUB_TOKEN: GITHUB_WORKFLOW:test-set-env-var GITHUB_WORKSPACE:/github/workspace HOME:/github/home INPUT_ENV-NAME: INPUT_ENV-VALUE:Linux-python- name1:value1]"
time="2020-11-19T22:41:10-08:00" level=debug msg="WIHK: StepContext.func:+ vmEnv call !!!!!!!!!!!!!!!!! vm.Set(\"env\", sc.Env=map[ACT:true CI:true GITHUB_ACTION:1 GITHUB_ACTIONS:true GITHUB_ACTOR:nektos/act GITHUB_EVENT_NAME:push GITHUB_EVENT_PATH:/github/workflow/event.json GITHUB_REF:refs/heads/main GITHUB_REPOSITORY:winksaville/gha-test-set-env-var GITHUB_RUN_ID:1 GITHUB_RUN_NUMBER:1 GITHUB_SHA:cae7933cd5f0759b21be6f00d2939eade0140813 GITHUB_TOKEN: GITHUB_WORKFLOW:test-set-env-var GITHUB_WORKSPACE:/github/workspace HOME:/github/home INPUT_ENV-NAME: INPUT_ENV-VALUE:Linux-python- name1:value1])"
time="2020-11-19T22:41:10-08:00" level=debug msg="WIHK: StepContext.func:- vmEnv"
time="2020-11-19T22:41:10-08:00" level=debug msg="Evaluating 'inputs['env-name']' instead of 'inputs.env-name'"
time="2020-11-19T22:41:10-08:00" level=debug msg="WINK: Evaluated ret: 'inputs['env-name']' val='${{ env.name1 }}'"
time="2020-11-19T22:41:10-08:00" level=debug msg="Evaluating 'env['name1']' instead of 'env.name1'"
time="2020-11-19T22:41:10-08:00" level=debug msg="WINK: Evaluated ret: 'env['name1']' val='value1'"
time="2020-11-19T22:41:10-08:00" level=debug msg="Evaluating 'inputs['env-value']' instead of 'inputs.env-value'"
time="2020-11-19T22:41:10-08:00" level=debug msg="WINK: Evaluated ret: 'inputs['env-value']' val='${{ runner.os }}-python-${{ env.name1 }}'"
time="2020-11-19T22:41:10-08:00" level=debug msg="Evaluating 'runner['os']' instead of 'runner.os'"
time="2020-11-19T22:41:10-08:00" level=debug msg="WINK: Evaluated ret: 'runner['os']' val='Linux'"
time="2020-11-19T22:41:10-08:00" level=debug msg="Evaluating 'env['name1']' instead of 'env.name1'"
time="2020-11-19T22:41:10-08:00" level=debug msg="WINK: Evaluated ret: 'env['name1']' val='value1'"
[test-set-env-var/test]   🐳  docker build -t act-winksaville-action-set-env-var-main:latest /home/wink/.cache/act/winksaville-action-set-env-var@main
[test-set-env-var/test] Building image from '/home/wink/.cache/act/winksaville-action-set-env-var@main'
time="2020-11-19T22:41:10-08:00" level=debug msg="Creating archive for build context dir '/home/wink/.cache/act/winksaville-action-set-env-var@main' with relative dockerfile 'Dockerfile'"
[test-set-env-var/test] Creating image from context dir '/home/wink/.cache/act/winksaville-action-set-env-var@main' with tag 'act-winksaville-action-set-env-var-main:latest'
[test-set-env-var/test] Step 1/4 : FROM alpine:latest
[test-set-env-var/test] 
[test-set-env-var/test]  ---> d6e46aa2470d
[test-set-env-var/test] Step 2/4 : COPY entrypoint.sh /entrypoint.sh
[test-set-env-var/test] 
[test-set-env-var/test]  ---> Using cache
[test-set-env-var/test]  ---> 0c378ad87ede
[test-set-env-var/test] Step 3/4 : RUN chmod +x /entrypoint.sh
[test-set-env-var/test] 
[test-set-env-var/test]  ---> Using cache
[test-set-env-var/test]  ---> 43ad4c5d00df
[test-set-env-var/test] Step 4/4 : ENTRYPOINT ["/entrypoint.sh"]
[test-set-env-var/test] 
[test-set-env-var/test]  ---> Using cache
[test-set-env-var/test]  ---> cbf48be6a2fa
[test-set-env-var/test] Unable to handle line: {"aux":{"ID":"sha256:cbf48be6a2faf97d594677d2763fab8090438fbde7bdd21e72aa576f47d2780d"}}
[test-set-env-var/test] Successfully built cbf48be6a2fa
[test-set-env-var/test] Successfully tagged act-winksaville-action-set-env-var-main:latest
[test-set-env-var/test]   🐳  docker pull act-winksaville-action-set-env-var-main:latest
time="2020-11-19T22:41:10-08:00" level=debug msg="Image exists? true"
[test-set-env-var/test]   🐳  docker create image=act-winksaville-action-set-env-var-main:latest entrypoint=[] cmd=["value1" "Linux-python-value1"]
[test-set-env-var/test] Created container name=act-test-set-e-1 id=b39ae6b088d0b02aeac148d57554093ea097673a3a0b5096162ea555906a716b from image act-winksaville-action-set-env-var-main:latest
[test-set-env-var/test] ENV ==> [GITHUB_WORKSPACE=/github/workspace INPUT_ENV-NAME= GITHUB_ACTION=1 GITHUB_RUN_NUMBER=1 GITHUB_EVENT_NAME=push name1=value1 GITHUB_SHA=cae7933cd5f0759b21be6f00d2939eade0140813 GITHUB_TOKEN= GITHUB_REPOSITORY=winksaville/gha-test-set-env-var HOME=/github/home GITHUB_ACTIONS=true GITHUB_EVENT_PATH=/github/workflow/event.json ACT=true GITHUB_WORKFLOW=test-set-env-var CI=true INPUT_ENV-VALUE=Linux-python- GITHUB_RUN_ID=1 GITHUB_ACTOR=nektos/act GITHUB_REF=refs/heads/main RUNNER_TOOL_CACHE=/opt/hostedtoolcache RUNNER_OS=Linux RUNNER_TEMP=/tmp]
[test-set-env-var/test]   🐳  docker run image=act-winksaville-action-set-env-var-main:latest entrypoint=[] cmd=["value1" "Linux-python-value1"]
[test-set-env-var/test] Starting container: b39ae6b088d0b02aeac148d57554093ea097673a3a0b5096162ea555906a716b
[test-set-env-var/test]   | Hi from entrypoint.sh ********************
[test-set-env-var/test]   | entrypoint.sh: name=value1
[test-set-env-var/test]   | entrypoint.sh: value=Linux-python-value1
[test-set-env-var/test]   ⚙  ::set-env:: value1=Linux-python-value1
[test-set-env-var/test] Started container: b39ae6b088d0b02aeac148d57554093ea097673a3a0b5096162ea555906a716b
[test-set-env-var/test] Return status: 0
[test-set-env-var/test] Removed container: b39ae6b088d0b02aeac148d57554093ea097673a3a0b5096162ea555906a716b
[test-set-env-var/test]   ✅  Success - step2
time="2020-11-19T22:41:10-08:00" level=debug msg="WINK: newStepExecutor.func:- Run sc=&{RunContext:test-set-env-var/test Step:step2 Env:map[ACT:true CI:true GITHUB_ACTION:1 GITHUB_ACTIONS:true GITHUB_ACTOR:nektos/act GITHUB_EVENT_NAME:push GITHUB_EVENT_PATH:/github/workflow/event.json GITHUB_REF:refs/heads/main GITHUB_REPOSITORY:winksaville/gha-test-set-env-var GITHUB_RUN_ID:1 GITHUB_RUN_NUMBER:1 GITHUB_SHA:cae7933cd5f0759b21be6f00d2939eade0140813 GITHUB_TOKEN: GITHUB_WORKFLOW:test-set-env-var GITHUB_WORKSPACE:/github/workspace HOME:/github/home INPUT_ENV-NAME: INPUT_ENV-VALUE:Linux-python- name1:value1] Cmd:[] Action:0xc0008c2f70} rc.StepResults=&{Success:true Outputs:map[]} rc.GetEnv=map[ACT:true name1:value1 value1:Linux-python-value1]"
time="2020-11-19T22:41:10-08:00" level=debug msg="WiNK: call sc.setupEnv()(ctx)"
time="2020-11-19T22:41:10-08:00" level=debug msg="WINK: setupEnv rc.GetEnv()=map[ACT:true name1:value1 value1:Linux-python-value1]"
time="2020-11-19T22:41:10-08:00" level=debug msg="WINK: setupEnv step.GetEnv()=map[]"
time="2020-11-19T22:41:10-08:00" level=debug msg="WINK: setupEnv.func:+ *********************"
time="2020-11-19T22:41:10-08:00" level=debug msg="WINK: setupEnv.func: rc.GetEnv()=map[ACT:true name1:value1 value1:Linux-python-value1]"
time="2020-11-19T22:41:10-08:00" level=debug msg="WINK: setupEnv.func: step.GetEnv()=map[]"
time="2020-11-19T22:41:10-08:00" level=debug msg="WINK: setupEnv.func mergeMaps 2 rc, step"
time="2020-11-19T22:41:10-08:00" level=debug msg="WINK: setupEnv.func env=map[ACT:true name1:value1 value1:Linux-python-value1]"
time="2020-11-19T22:41:10-08:00" level=debug msg="WINK: setupEnv.func Interpolate k=ACT v=true env[k]=true"
time="2020-11-19T22:41:10-08:00" level=debug msg="WINK: setupEnv.func Interpolate env[k]=true"
time="2020-11-19T22:41:10-08:00" level=debug msg="WINK: setupEnv.func Interpolate k=name1 v=value1 env[k]=value1"
time="2020-11-19T22:41:10-08:00" level=debug msg="WINK: setupEnv.func Interpolate env[k]=value1"
time="2020-11-19T22:41:10-08:00" level=debug msg="WINK: setupEnv.func Interpolate k=value1 v=Linux-python-value1 env[k]=Linux-python-value1"
time="2020-11-19T22:41:10-08:00" level=debug msg="WINK: setupEnv.func Interpolate env[k]=Linux-python-value1"
time="2020-11-19T22:41:10-08:00" level=debug msg="Loading slug from git directory '/home/wink/prgs/github-actions/tests/gha-test-set-env-var/.git'"
time="2020-11-19T22:41:10-08:00" level=debug msg="Found revision: cae7933cd5f0759b21be6f00d2939eade0140813\n"
time="2020-11-19T22:41:10-08:00" level=debug msg="Loading revision from git directory '/home/wink/prgs/github-actions/tests/gha-test-set-env-var/.git'"
time="2020-11-19T22:41:10-08:00" level=debug msg="Found revision: cae7933cd5f0759b21be6f00d2939eade0140813\n"
time="2020-11-19T22:41:10-08:00" level=debug msg="HEAD points to 'cae7933cd5f0759b21be6f00d2939eade0140813'"
time="2020-11-19T22:41:10-08:00" level=debug msg="HEAD matches refs/heads/main"
time="2020-11-19T22:41:10-08:00" level=debug msg="using github ref: refs/heads/main"
time="2020-11-19T22:41:10-08:00" level=debug msg="setupEnv => map[ACT:true CI:true GITHUB_ACTION:2 GITHUB_ACTIONS:true GITHUB_ACTOR:nektos/act GITHUB_EVENT_NAME:push GITHUB_EVENT_PATH:/github/workflow/event.json GITHUB_REF:refs/heads/main GITHUB_REPOSITORY:winksaville/gha-test-set-env-var GITHUB_RUN_ID:1 GITHUB_RUN_NUMBER:1 GITHUB_SHA:cae7933cd5f0759b21be6f00d2939eade0140813 GITHUB_TOKEN: GITHUB_WORKFLOW:test-set-env-var GITHUB_WORKSPACE:/github/workspace HOME:/github/home name1:value1 value1:Linux-python-value1]"
time="2020-11-19T22:41:10-08:00" level=debug msg="WINK: setupEnv.func:- ******************************"
time="2020-11-19T22:41:10-08:00" level=debug msg="Loading slug from git directory '/home/wink/prgs/github-actions/tests/gha-test-set-env-var/.git'"
time="2020-11-19T22:41:10-08:00" level=debug msg="Found revision: cae7933cd5f0759b21be6f00d2939eade0140813\n"
time="2020-11-19T22:41:10-08:00" level=debug msg="Loading revision from git directory '/home/wink/prgs/github-actions/tests/gha-test-set-env-var/.git'"
time="2020-11-19T22:41:10-08:00" level=debug msg="Found revision: cae7933cd5f0759b21be6f00d2939eade0140813\n"
time="2020-11-19T22:41:10-08:00" level=debug msg="HEAD points to 'cae7933cd5f0759b21be6f00d2939eade0140813'"
time="2020-11-19T22:41:10-08:00" level=debug msg="HEAD matches refs/heads/main"
time="2020-11-19T22:41:10-08:00" level=debug msg="using github ref: refs/heads/main"
time="2020-11-19T22:41:10-08:00" level=debug msg="WINK: RunContext vmEnv rc.GetEnv=map[ACT:true name1:value1 value1:Linux-python-value1]"
time="2020-11-19T22:41:10-08:00" level=debug msg="WIHK: RunContext.func:+ vmEnv call ################# vm.Set(\"env\", rc.GetEnv()=map[ACT:true name1:value1 value1:Linux-python-value1])"
time="2020-11-19T22:41:10-08:00" level=debug msg="WIHK: RunContext.func:- vmEnv"
time="2020-11-19T22:41:10-08:00" level=debug msg="WINK: StepContext vmEnv sc.GetEnv=map[ACT:true CI:true GITHUB_ACTION:2 GITHUB_ACTIONS:true GITHUB_ACTOR:nektos/act GITHUB_EVENT_NAME:push GITHUB_EVENT_PATH:/github/workflow/event.json GITHUB_REF:refs/heads/main GITHUB_REPOSITORY:winksaville/gha-test-set-env-var GITHUB_RUN_ID:1 GITHUB_RUN_NUMBER:1 GITHUB_SHA:cae7933cd5f0759b21be6f00d2939eade0140813 GITHUB_TOKEN: GITHUB_WORKFLOW:test-set-env-var GITHUB_WORKSPACE:/github/workspace HOME:/github/home name1:value1 value1:Linux-python-value1]"
time="2020-11-19T22:41:10-08:00" level=debug msg="WIHK: StepContext.func:+ vmEnv call !!!!!!!!!!!!!!!!! vm.Set(\"env\", sc.Env=map[ACT:true CI:true GITHUB_ACTION:2 GITHUB_ACTIONS:true GITHUB_ACTOR:nektos/act GITHUB_EVENT_NAME:push GITHUB_EVENT_PATH:/github/workflow/event.json GITHUB_REF:refs/heads/main GITHUB_REPOSITORY:winksaville/gha-test-set-env-var GITHUB_RUN_ID:1 GITHUB_RUN_NUMBER:1 GITHUB_SHA:cae7933cd5f0759b21be6f00d2939eade0140813 GITHUB_TOKEN: GITHUB_WORKFLOW:test-set-env-var GITHUB_WORKSPACE:/github/workspace HOME:/github/home name1:value1 value1:Linux-python-value1])"
time="2020-11-19T22:41:10-08:00" level=debug msg="WIHK: StepContext.func:- vmEnv"
time="2020-11-19T22:41:10-08:00" level=debug msg="WiNK: done NewExpressionEvaluator()"
time="2020-11-19T22:41:10-08:00" level=debug msg="WINK: newStepExecutor.func:+ Run &{RunContext:test-set-env-var/test Step:done Env:map[ACT:true CI:true GITHUB_ACTION:2 GITHUB_ACTIONS:true GITHUB_ACTOR:nektos/act GITHUB_EVENT_NAME:push GITHUB_EVENT_PATH:/github/workflow/event.json GITHUB_REF:refs/heads/main GITHUB_REPOSITORY:winksaville/gha-test-set-env-var GITHUB_RUN_ID:1 GITHUB_RUN_NUMBER:1 GITHUB_SHA:cae7933cd5f0759b21be6f00d2939eade0140813 GITHUB_TOKEN: GITHUB_WORKFLOW:test-set-env-var GITHUB_WORKSPACE:/github/workspace HOME:/github/home name1:value1 value1:Linux-python-value1] Cmd:[] Action:<nil>}"
[test-set-env-var/test] ⭐  Run done
time="2020-11-19T22:41:10-08:00" level=debug msg="WINK:+ Executor: sc=&{RunContext:test-set-env-var/test Step:done Env:map[ACT:true CI:true GITHUB_ACTION:2 GITHUB_ACTIONS:true GITHUB_ACTOR:nektos/act GITHUB_EVENT_NAME:push GITHUB_EVENT_PATH:/github/workflow/event.json GITHUB_REF:refs/heads/main GITHUB_REPOSITORY:winksaville/gha-test-set-env-var GITHUB_RUN_ID:1 GITHUB_RUN_NUMBER:1 GITHUB_SHA:cae7933cd5f0759b21be6f00d2939eade0140813 GITHUB_TOKEN: GITHUB_WORKFLOW:test-set-env-var GITHUB_WORKSPACE:/github/workspace HOME:/github/home name1:value1 value1:Linux-python-value1] Cmd:[] Action:<nil>}"
time="2020-11-19T22:41:10-08:00" level=debug msg="WINK: setupShellCommand sc=&{RunContext:test-set-env-var/test Step:done Env:map[ACT:true CI:true GITHUB_ACTION:2 GITHUB_ACTIONS:true GITHUB_ACTOR:nektos/act GITHUB_EVENT_NAME:push GITHUB_EVENT_PATH:/github/workflow/event.json GITHUB_REF:refs/heads/main GITHUB_REPOSITORY:winksaville/gha-test-set-env-var GITHUB_RUN_ID:1 GITHUB_RUN_NUMBER:1 GITHUB_SHA:cae7933cd5f0759b21be6f00d2939eade0140813 GITHUB_TOKEN: GITHUB_WORKFLOW:test-set-env-var GITHUB_WORKSPACE:/github/workspace HOME:/github/home name1:value1 value1:Linux-python-value1] Cmd:[] Action:<nil>}"
time="2020-11-19T22:41:10-08:00" level=debug msg="WINK:- Executor: sc=&{RunContext:test-set-env-var/test Step:done Env:map[ACT:true CI:true GITHUB_ACTION:2 GITHUB_ACTIONS:true GITHUB_ACTOR:nektos/act GITHUB_EVENT_NAME:push GITHUB_EVENT_PATH:/github/workflow/event.json GITHUB_REF:refs/heads/main GITHUB_REPOSITORY:winksaville/gha-test-set-env-var GITHUB_RUN_ID:1 GITHUB_RUN_NUMBER:1 GITHUB_SHA:cae7933cd5f0759b21be6f00d2939eade0140813 GITHUB_TOKEN: GITHUB_WORKFLOW:test-set-env-var GITHUB_WORKSPACE:/github/workspace HOME:/github/home name1:value1 value1:Linux-python-value1] Cmd:[] Action:<nil>}"
time="2020-11-19T22:41:10-08:00" level=debug msg="Wrote command 'echo Done' to 'workflow/2'"
time="2020-11-19T22:41:10-08:00" level=debug msg="Writing entry to tarball workflow/2 len:9"
[test-set-env-var/test] Extracting content to '/github/'
[test-set-env-var/test] Exec command '[bash --noprofile --norc -eo pipefail /github/workflow/2]'
[test-set-env-var/test]   | Done
[test-set-env-var/test]   ✅  Success - done
time="2020-11-19T22:41:10-08:00" level=debug msg="WINK: newStepExecutor.func:- Run sc=&{RunContext:test-set-env-var/test Step:done Env:map[ACT:true CI:true GITHUB_ACTION:2 GITHUB_ACTIONS:true GITHUB_ACTOR:nektos/act GITHUB_EVENT_NAME:push GITHUB_EVENT_PATH:/github/workflow/event.json GITHUB_REF:refs/heads/main GITHUB_REPOSITORY:winksaville/gha-test-set-env-var GITHUB_RUN_ID:1 GITHUB_RUN_NUMBER:1 GITHUB_SHA:cae7933cd5f0759b21be6f00d2939eade0140813 GITHUB_TOKEN: GITHUB_WORKFLOW:test-set-env-var GITHUB_WORKSPACE:/github/workspace HOME:/github/home name1:value1 value1:Linux-python-value1] Cmd:[bash --noprofile --norc -eo pipefail /github/workflow/2] Action:<nil>} rc.StepResults=&{Success:true Outputs:map[]} rc.GetEnv=map[ACT:true name1:value1 value1:Linux-python-value1]"
[test-set-env-var/test] Removed container: 4e1fca7e98a86f2caaf415cddb28757df25f299b727a385345f58cd90efa7b58
[test-set-env-var/test]   🐳  docker volume rm act-test-set-env-var-test
